<?xml version="1.0" encoding="UTF-8"?>
<testng-results ignored="0" total="1" passed="1" failed="0" skipped="0">
  <reporter-output>
  </reporter-output>
  <suite started-at="2022-04-14T18:54:29 IST" name="Suite" finished-at="2022-04-14T18:54:59 IST" duration-ms="29442">
    <groups>
    </groups>
    <test started-at="2022-04-14T18:54:29 IST" name="Test" finished-at="2022-04-14T18:54:59 IST" duration-ms="29442">
      <class name="seleniumGrid.Google">
        <test-method signature="check()[pri:0, instance:seleniumGrid.Google@5552768b]" started-at="2022-04-14T18:54:29 IST" name="check" finished-at="2022-04-14T18:54:59 IST" duration-ms="29390" status="PASS">
          <reporter-output>
          </reporter-output>
        </test-method> <!-- check -->
      </class> <!-- seleniumGrid.Google -->
    </test> <!-- Test -->
  </suite> <!-- Suite -->
</testng-results>
